0 info it worked if it ends with ok
1 verbose cli [ '/Users/bjdelro/.nvm/versions/node/v6.2.2/bin/node',
1 verbose cli   '/Users/bjdelro/.nvm/versions/node/v6.2.2/bin/npm',
1 verbose cli   'run',
1 verbose cli   'server-test' ]
2 info using npm@3.9.5
3 info using node@v6.2.2
4 verbose run-script [ 'preserver-test', 'server-test', 'postserver-test' ]
5 info lifecycle md_quiz@1.0.0~preserver-test: md_quiz@1.0.0
6 silly lifecycle md_quiz@1.0.0~preserver-test: no script for preserver-test, continuing
7 info lifecycle md_quiz@1.0.0~server-test: md_quiz@1.0.0
8 verbose lifecycle md_quiz@1.0.0~server-test: unsafe-perm in lifecycle true
9 verbose lifecycle md_quiz@1.0.0~server-test: PATH: /Users/bjdelro/.nvm/versions/node/v6.2.2/lib/node_modules/npm/bin/node-gyp-bin:/Users/bjdelro/Desktop/MD-Quiz/MD_quiz/node_modules/.bin:/Users/bjdelro/.nvm/versions/node/v6.2.2/bin:/Users/bjdelro/.nvm/versions/node/v6.2.2/bin:/usr/local/bin:/usr/bin:/bin:/usr/sbin:/sbin
10 verbose lifecycle md_quiz@1.0.0~server-test: CWD: /Users/bjdelro/Desktop/MD-Quiz/MD_quiz
11 silly lifecycle md_quiz@1.0.0~server-test: Args: [ '-c', 'node test/tests/server-test.js | tap-spec' ]
12 silly lifecycle md_quiz@1.0.0~server-test: Returned: code: 1  signal: null
13 info lifecycle md_quiz@1.0.0~server-test: Failed to exec server-test script
14 verbose stack Error: md_quiz@1.0.0 server-test: `node test/tests/server-test.js | tap-spec`
14 verbose stack Exit status 1
14 verbose stack     at EventEmitter.<anonymous> (/Users/bjdelro/.nvm/versions/node/v6.2.2/lib/node_modules/npm/lib/utils/lifecycle.js:245:16)
14 verbose stack     at emitTwo (events.js:106:13)
14 verbose stack     at EventEmitter.emit (events.js:191:7)
14 verbose stack     at ChildProcess.<anonymous> (/Users/bjdelro/.nvm/versions/node/v6.2.2/lib/node_modules/npm/lib/utils/spawn.js:24:14)
14 verbose stack     at emitTwo (events.js:106:13)
14 verbose stack     at ChildProcess.emit (events.js:191:7)
14 verbose stack     at maybeClose (internal/child_process.js:852:16)
14 verbose stack     at Process.ChildProcess._handle.onexit (internal/child_process.js:215:5)
15 verbose pkgid md_quiz@1.0.0
16 verbose cwd /Users/bjdelro/Desktop/MD-Quiz/MD_quiz
17 error Darwin 15.5.0
18 error argv "/Users/bjdelro/.nvm/versions/node/v6.2.2/bin/node" "/Users/bjdelro/.nvm/versions/node/v6.2.2/bin/npm" "run" "server-test"
19 error node v6.2.2
20 error npm  v3.9.5
21 error code ELIFECYCLE
22 error md_quiz@1.0.0 server-test: `node test/tests/server-test.js | tap-spec`
22 error Exit status 1
23 error Failed at the md_quiz@1.0.0 server-test script 'node test/tests/server-test.js | tap-spec'.
23 error Make sure you have the latest version of node.js and npm installed.
23 error If you do, this is most likely a problem with the md_quiz package,
23 error not with npm itself.
23 error Tell the author that this fails on your system:
23 error     node test/tests/server-test.js | tap-spec
23 error You can get information on how to open an issue for this project with:
23 error     npm bugs md_quiz
23 error Or if that isn't available, you can get their info via:
23 error     npm owner ls md_quiz
23 error There is likely additional logging output above.
24 verbose exit [ 1, true ]
